execve("/usr/bin/sudo", ["sudo", "./mouse"], 0x7ffda2ba61f8 /* 48 vars */) = 0
brk(NULL)                               = 0x5c4546bed000
fcntl(0, F_GETFD)                       = 0
fcntl(1, F_GETFD)                       = 0
fcntl(2, F_GETFD)                       = 0
mmap(NULL, 8192, PROT_READ|PROT_WRITE, MAP_PRIVATE|MAP_ANONYMOUS, -1, 0) = 0x7fa716fa4000
access("/etc/ld.so.preload", R_OK)      = -1 ENOENT (Arquivo ou diretório inexistente)
openat(AT_FDCWD, "/usr/libexec/sudo/glibc-hwcaps/x86-64-v3/libaudit.so.1", O_RDONLY|O_CLOEXEC) = -1 ENOENT (Arquivo ou diretório inexistente)
newfstatat(AT_FDCWD, "/usr/libexec/sudo/glibc-hwcaps/x86-64-v3/", 0x7fffaabd7d30, 0) = -1 ENOENT (Arquivo ou diretório inexistente)
openat(AT_FDCWD, "/usr/libexec/sudo/glibc-hwcaps/x86-64-v2/libaudit.so.1", O_RDONLY|O_CLOEXEC) = -1 ENOENT (Arquivo ou diretório inexistente)
newfstatat(AT_FDCWD, "/usr/libexec/sudo/glibc-hwcaps/x86-64-v2/", 0x7fffaabd7d30, 0) = -1 ENOENT (Arquivo ou diretório inexistente)
openat(AT_FDCWD, "/usr/libexec/sudo/libaudit.so.1", O_RDONLY|O_CLOEXEC) = -1 ENOENT (Arquivo ou diretório inexistente)
newfstatat(AT_FDCWD, "/usr/libexec/sudo/", {st_mode=S_IFDIR|0755, st_size=4096, ...}, 0) = 0
openat(AT_FDCWD, "/etc/ld.so.cache", O_RDONLY|O_CLOEXEC) = 3
fstat(3, {st_mode=S_IFREG|0644, st_size=57639, ...}) = 0
mmap(NULL, 57639, PROT_READ, MAP_PRIVATE, 3, 0) = 0x7fa716f95000
close(3)                                = 0
openat(AT_FDCWD, "/lib/x86_64-linux-gnu/libaudit.so.1", O_RDONLY|O_CLOEXEC) = 3
read(3, "\177ELF\2\1\1\0\0\0\0\0\0\0\0\0\3\0>\0\1\0\0\0\0\0\0\0\0\0\0\0"..., 832) = 832
fstat(3, {st_mode=S_IFREG|0644, st_size=133200, ...}) = 0
mmap(NULL, 184496, PROT_READ, MAP_PRIVATE|MAP_DENYWRITE, 3, 0) = 0x7fa716f67000
mmap(0x7fa716f6a000, 32768, PROT_READ|PROT_EXEC, MAP_PRIVATE|MAP_FIXED|MAP_DENYWRITE, 3, 0x3000) = 0x7fa716f6a000
mmap(0x7fa716f72000, 86016, PROT_READ, MAP_PRIVATE|MAP_FIXED|MAP_DENYWRITE, 3, 0xb000) = 0x7fa716f72000
mmap(0x7fa716f87000, 8192, PROT_READ|PROT_WRITE, MAP_PRIVATE|MAP_FIXED|MAP_DENYWRITE, 3, 0x1f000) = 0x7fa716f87000
mmap(0x7fa716f89000, 45232, PROT_READ|PROT_WRITE, MAP_PRIVATE|MAP_FIXED|MAP_ANONYMOUS, -1, 0) = 0x7fa716f89000
close(3)                                = 0
openat(AT_FDCWD, "/usr/libexec/sudo/libselinux.so.1", O_RDONLY|O_CLOEXEC) = -1 ENOENT (Arquivo ou diretório inexistente)
openat(AT_FDCWD, "/lib/x86_64-linux-gnu/libselinux.so.1", O_RDONLY|O_CLOEXEC) = 3
read(3, "\177ELF\2\1\1\0\0\0\0\0\0\0\0\0\3\0>\0\1\0\0\0\0\0\0\0\0\0\0\0"..., 832) = 832
fstat(3, {st_mode=S_IFREG|0644, st_size=174472, ...}) = 0
mmap(NULL, 181960, PROT_READ, MAP_PRIVATE|MAP_DENYWRITE, 3, 0) = 0x7fa716f3a000
mmap(0x7fa716f40000, 118784, PROT_READ|PROT_EXEC, MAP_PRIVATE|MAP_FIXED|MAP_DENYWRITE, 3, 0x6000) = 0x7fa716f40000
mmap(0x7fa716f5d000, 24576, PROT_READ, MAP_PRIVATE|MAP_FIXED|MAP_DENYWRITE, 3, 0x23000) = 0x7fa716f5d000
mmap(0x7fa716f63000, 8192, PROT_READ|PROT_WRITE, MAP_PRIVATE|MAP_FIXED|MAP_DENYWRITE, 3, 0x29000) = 0x7fa716f63000
mmap(0x7fa716f65000, 5832, PROT_READ|PROT_WRITE, MAP_PRIVATE|MAP_FIXED|MAP_ANONYMOUS, -1, 0) = 0x7fa716f65000
close(3)                                = 0
openat(AT_FDCWD, "/usr/libexec/sudo/libapparmor.so.1", O_RDONLY|O_CLOEXEC) = -1 ENOENT (Arquivo ou diretório inexistente)
openat(AT_FDCWD, "/lib/x86_64-linux-gnu/libapparmor.so.1", O_RDONLY|O_CLOEXEC) = 3
read(3, "\177ELF\2\1\1\0\0\0\0\0\0\0\0\0\3\0>\0\1\0\0\0\0\0\0\0\0\0\0\0"..., 832) = 832
fstat(3, {st_mode=S_IFREG|0644, st_size=80768, ...}) = 0
mmap(NULL, 78736, PROT_READ, MAP_PRIVATE|MAP_DENYWRITE, 3, 0) = 0x7fa716f26000
mmap(0x7fa716f29000, 36864, PROT_READ|PROT_EXEC, MAP_PRIVATE|MAP_FIXED|MAP_DENYWRITE, 3, 0x3000) = 0x7fa716f29000
mmap(0x7fa716f32000, 24576, PROT_READ, MAP_PRIVATE|MAP_FIXED|MAP_DENYWRITE, 3, 0xc000) = 0x7fa716f32000
mmap(0x7fa716f38000, 8192, PROT_READ|PROT_WRITE, MAP_PRIVATE|MAP_FIXED|MAP_DENYWRITE, 3, 0x12000) = 0x7fa716f38000
close(3)                                = 0
openat(AT_FDCWD, "/usr/libexec/sudo/libsudo_util.so.0", O_RDONLY|O_CLOEXEC) = 3
read(3, "\177ELF\2\1\1\0\0\0\0\0\0\0\0\0\3\0>\0\1\0\0\0\0\0\0\0\0\0\0\0"..., 832) = 832
fstat(3, {st_mode=S_IFREG|0644, st_size=133944, ...}) = 0
mmap(NULL, 134256, PROT_READ, MAP_PRIVATE|MAP_DENYWRITE, 3, 0) = 0x7fa716f05000
mmap(0x7fa716f0b000, 81920, PROT_READ|PROT_EXEC, MAP_PRIVATE|MAP_FIXED|MAP_DENYWRITE, 3, 0x6000) = 0x7fa716f0b000
mmap(0x7fa716f1f000, 20480, PROT_READ, MAP_PRIVATE|MAP_FIXED|MAP_DENYWRITE, 3, 0x1a000) = 0x7fa716f1f000
mmap(0x7fa716f24000, 8192, PROT_READ|PROT_WRITE, MAP_PRIVATE|MAP_FIXED|MAP_DENYWRITE, 3, 0x1f000) = 0x7fa716f24000
close(3)                                = 0
openat(AT_FDCWD, "/usr/libexec/sudo/libc.so.6", O_RDONLY|O_CLOEXEC) = -1 ENOENT (Arquivo ou diretório inexistente)
openat(AT_FDCWD, "/lib/x86_64-linux-gnu/libc.so.6", O_RDONLY|O_CLOEXEC) = 3
read(3, "\177ELF\2\1\1\3\0\0\0\0\0\0\0\0\3\0>\0\1\0\0\0\220\243\2\0\0\0\0\0"..., 832) = 832
pread64(3, "\6\0\0\0\4\0\0\0@\0\0\0\0\0\0\0@\0\0\0\0\0\0\0@\0\0\0\0\0\0\0"..., 784, 64) = 784
fstat(3, {st_mode=S_IFREG|0755, st_size=2125328, ...}) = 0
pread64(3, "\6\0\0\0\4\0\0\0@\0\0\0\0\0\0\0@\0\0\0\0\0\0\0@\0\0\0\0\0\0\0"..., 784, 64) = 784
mmap(NULL, 2170256, PROT_READ, MAP_PRIVATE|MAP_DENYWRITE, 3, 0) = 0x7fa716c00000
mmap(0x7fa716c28000, 1605632, PROT_READ|PROT_EXEC, MAP_PRIVATE|MAP_FIXED|MAP_DENYWRITE, 3, 0x28000) = 0x7fa716c28000
mmap(0x7fa716db0000, 323584, PROT_READ, MAP_PRIVATE|MAP_FIXED|MAP_DENYWRITE, 3, 0x1b0000) = 0x7fa716db0000
mmap(0x7fa716dff000, 24576, PROT_READ|PROT_WRITE, MAP_PRIVATE|MAP_FIXED|MAP_DENYWRITE, 3, 0x1fe000) = 0x7fa716dff000
mmap(0x7fa716e05000, 52624, PROT_READ|PROT_WRITE, MAP_PRIVATE|MAP_FIXED|MAP_ANONYMOUS, -1, 0) = 0x7fa716e05000
close(3)                                = 0
openat(AT_FDCWD, "/lib/x86_64-linux-gnu/libcap-ng.so.0", O_RDONLY|O_CLOEXEC) = 3
read(3, "\177ELF\2\1\1\0\0\0\0\0\0\0\0\0\3\0>\0\1\0\0\0\0\0\0\0\0\0\0\0"..., 832) = 832
fstat(3, {st_mode=S_IFREG|0644, st_size=26848, ...}) = 0
mmap(NULL, 8192, PROT_READ|PROT_WRITE, MAP_PRIVATE|MAP_ANONYMOUS, -1, 0) = 0x7fa716f03000
mmap(NULL, 28720, PROT_READ, MAP_PRIVATE|MAP_DENYWRITE, 3, 0) = 0x7fa716efb000
mmap(0x7fa716efd000, 12288, PROT_READ|PROT_EXEC, MAP_PRIVATE|MAP_FIXED|MAP_DENYWRITE, 3, 0x2000) = 0x7fa716efd000
mmap(0x7fa716f00000, 4096, PROT_READ, MAP_PRIVATE|MAP_FIXED|MAP_DENYWRITE, 3, 0x5000) = 0x7fa716f00000
mmap(0x7fa716f01000, 8192, PROT_READ|PROT_WRITE, MAP_PRIVATE|MAP_FIXED|MAP_DENYWRITE, 3, 0x5000) = 0x7fa716f01000
close(3)                                = 0
openat(AT_FDCWD, "/lib/x86_64-linux-gnu/libpcre2-8.so.0", O_RDONLY|O_CLOEXEC) = 3
read(3, "\177ELF\2\1\1\0\0\0\0\0\0\0\0\0\3\0>\0\1\0\0\0\0\0\0\0\0\0\0\0"..., 832) = 832
fstat(3, {st_mode=S_IFREG|0644, st_size=625344, ...}) = 0
mmap(NULL, 627472, PROT_READ, MAP_PRIVATE|MAP_DENYWRITE, 3, 0) = 0x7fa716e61000
mmap(0x7fa716e63000, 450560, PROT_READ|PROT_EXEC, MAP_PRIVATE|MAP_FIXED|MAP_DENYWRITE, 3, 0x2000) = 0x7fa716e63000
mmap(0x7fa716ed1000, 163840, PROT_READ, MAP_PRIVATE|MAP_FIXED|MAP_DENYWRITE, 3, 0x70000) = 0x7fa716ed1000
mmap(0x7fa716ef9000, 8192, PROT_READ|PROT_WRITE, MAP_PRIVATE|MAP_FIXED|MAP_DENYWRITE, 3, 0x97000) = 0x7fa716ef9000
close(3)                                = 0
openat(AT_FDCWD, "/lib/x86_64-linux-gnu/libcrypto.so.3", O_RDONLY|O_CLOEXEC) = 3
read(3, "\177ELF\2\1\1\0\0\0\0\0\0\0\0\0\3\0>\0\1\0\0\0\0\0\0\0\0\0\0\0"..., 832) = 832
fstat(3, {st_mode=S_IFREG|0644, st_size=5305304, ...}) = 0
mmap(NULL, 5319632, PROT_READ, MAP_PRIVATE|MAP_DENYWRITE, 3, 0) = 0x7fa716600000
mmap(0x7fa7166b3000, 3354624, PROT_READ|PROT_EXEC, MAP_PRIVATE|MAP_FIXED|MAP_DENYWRITE, 3, 0xb3000) = 0x7fa7166b3000
mmap(0x7fa7169e6000, 831488, PROT_READ, MAP_PRIVATE|MAP_FIXED|MAP_DENYWRITE, 3, 0x3e6000) = 0x7fa7169e6000
mmap(0x7fa716ab1000, 389120, PROT_READ|PROT_WRITE, MAP_PRIVATE|MAP_FIXED|MAP_DENYWRITE, 3, 0x4b0000) = 0x7fa716ab1000
mmap(0x7fa716b10000, 11216, PROT_READ|PROT_WRITE, MAP_PRIVATE|MAP_FIXED|MAP_ANONYMOUS, -1, 0) = 0x7fa716b10000
close(3)                                = 0
mmap(NULL, 8192, PROT_READ|PROT_WRITE, MAP_PRIVATE|MAP_ANONYMOUS, -1, 0) = 0x7fa716e5f000
arch_prctl(ARCH_SET_FS, 0x7fa716e600c0) = 0
set_tid_address(0x7fa716e60390)         = 20709
set_robust_list(0x7fa716e603a0, 24)     = 0
rseq(0x7fa716e609e0, 0x20, 0, 0x53053053) = 0
mprotect(0x7fa716dff000, 16384, PROT_READ) = 0
mprotect(0x7fa716ab1000, 376832, PROT_READ) = 0
mprotect(0x7fa716ef9000, 4096, PROT_READ) = 0
mprotect(0x7fa716f01000, 4096, PROT_READ) = 0
mprotect(0x7fa716f24000, 4096, PROT_READ) = 0
mprotect(0x7fa716f38000, 4096, PROT_READ) = 0
mprotect(0x7fa716f63000, 4096, PROT_READ) = 0
mprotect(0x7fa716f87000, 4096, PROT_READ) = 0
mprotect(0x5c45205d8000, 8192, PROT_READ) = 0
mprotect(0x7fa716fe2000, 8192, PROT_READ) = 0
prlimit64(0, RLIMIT_STACK, NULL, {rlim_cur=8192*1024, rlim_max=RLIM64_INFINITY}) = 0
munmap(0x7fa716f95000, 57639)           = 0
openat(AT_FDCWD, "/proc/sys/kernel/cap_last_cap", O_RDONLY) = 3
fstatfs(3, {f_type=PROC_SUPER_MAGIC, f_bsize=4096, f_blocks=0, f_bfree=0, f_bavail=0, f_files=0, f_ffree=0, f_fsid={val=[0x19, 0]}, f_namelen=255, f_frsize=4096, f_flags=ST_VALID|ST_NOSUID|ST_NODEV|ST_NOEXEC|ST_RELATIME}) = 0
read(3, "40\n", 7)                      = 3
close(3)                                = 0
prctl(PR_CAPBSET_READ, CAP_CHOWN)       = 1
prctl(PR_GET_SECUREBITS)                = 0
prctl(PR_GET_NO_NEW_PRIVS, 0, 0, 0, 0)  = 0
prctl(PR_CAP_AMBIENT, PR_CAP_AMBIENT_IS_SET, CAP_CHOWN, 0, 0) = 0
statfs("/sys/fs/selinux", 0x7fffaabd8ae0) = -1 ENOENT (Arquivo ou diretório inexistente)
statfs("/selinux", 0x7fffaabd8ae0)      = -1 ENOENT (Arquivo ou diretório inexistente)
getrandom("\x25\x41\x39\xdc\xd2\xf4\xd4\xc4", 8, GRND_NONBLOCK) = 8
brk(NULL)                               = 0x5c4546bed000
brk(0x5c4546c0e000)                     = 0x5c4546c0e000
openat(AT_FDCWD, "/proc/filesystems", O_RDONLY|O_CLOEXEC) = 3
fstat(3, {st_mode=S_IFREG|0444, st_size=0, ...}) = 0
read(3, "nodev\tsysfs\nnodev\ttmpfs\nnodev\tbd"..., 1024) = 393
read(3, "", 1024)                       = 0
close(3)                                = 0
access("/etc/selinux/config", F_OK)     = -1 ENOENT (Arquivo ou diretório inexistente)
prlimit64(0, RLIMIT_AS, NULL, {rlim_cur=RLIM64_INFINITY, rlim_max=RLIM64_INFINITY}) = 0
prlimit64(0, RLIMIT_CORE, NULL, {rlim_cur=0, rlim_max=RLIM64_INFINITY}) = 0
prlimit64(0, RLIMIT_CPU, NULL, {rlim_cur=RLIM64_INFINITY, rlim_max=RLIM64_INFINITY}) = 0
prlimit64(0, RLIMIT_CPU, {rlim_cur=RLIM64_INFINITY, rlim_max=RLIM64_INFINITY}, NULL) = 0
prlimit64(0, RLIMIT_DATA, NULL, {rlim_cur=RLIM64_INFINITY, rlim_max=RLIM64_INFINITY}) = 0
prlimit64(0, RLIMIT_FSIZE, NULL, {rlim_cur=RLIM64_INFINITY, rlim_max=RLIM64_INFINITY}) = 0
prlimit64(0, RLIMIT_FSIZE, {rlim_cur=RLIM64_INFINITY, rlim_max=RLIM64_INFINITY}, NULL) = 0
prlimit64(0, RLIMIT_LOCKS, NULL, {rlim_cur=RLIM64_INFINITY, rlim_max=RLIM64_INFINITY}) = 0
prlimit64(0, RLIMIT_MEMLOCK, NULL, {rlim_cur=978372*1024, rlim_max=978372*1024}) = 0
prlimit64(0, RLIMIT_NOFILE, NULL, {rlim_cur=1024, rlim_max=1024*1024}) = 0
prlimit64(0, RLIMIT_NPROC, NULL, {rlim_cur=29869, rlim_max=29869}) = 0
prlimit64(0, RLIMIT_NPROC, {rlim_cur=RLIM64_INFINITY, rlim_max=RLIM64_INFINITY}, NULL) = -1 EPERM (Operação não permitida)
prlimit64(0, RLIMIT_NPROC, {rlim_cur=29869, rlim_max=29869}, NULL) = 0
prlimit64(0, RLIMIT_RSS, NULL, {rlim_cur=RLIM64_INFINITY, rlim_max=RLIM64_INFINITY}) = 0
prlimit64(0, RLIMIT_RSS, {rlim_cur=RLIM64_INFINITY, rlim_max=RLIM64_INFINITY}, NULL) = 0
prlimit64(0, RLIMIT_STACK, NULL, {rlim_cur=8192*1024, rlim_max=RLIM64_INFINITY}) = 0
fcntl(0, F_GETFL)                       = 0x80002 (flags O_RDWR|O_CLOEXEC)
fcntl(1, F_GETFL)                       = 0x80002 (flags O_RDWR|O_CLOEXEC)
fcntl(2, F_GETFL)                       = 0x80002 (flags O_RDWR|O_CLOEXEC)
openat(AT_FDCWD, "/usr/lib/locale/locale-archive", O_RDONLY|O_CLOEXEC) = 3
fstat(3, {st_mode=S_IFREG|0644, st_size=3060016, ...}) = 0
mmap(NULL, 3060016, PROT_READ, MAP_PRIVATE, 3, 0) = 0x7fa716200000
close(3)                                = 0
openat(AT_FDCWD, "/etc/localtime", O_RDONLY|O_CLOEXEC) = 3
fstat(3, {st_mode=S_IFREG|0644, st_size=716, ...}) = 0
fstat(3, {st_mode=S_IFREG|0644, st_size=716, ...}) = 0
read(3, "TZif2\0\0\0\0\0\0\0\0\0\0\0\0\0\0\0\0\0\0\0\0\0\0\0\0\0\0\0"..., 4096) = 716
lseek(3, -442, SEEK_CUR)                = 274
read(3, "TZif2\0\0\0\0\0\0\0\0\0\0\0\0\0\0\0\0\0\0\0\0\0\0\0\0\0\0\0"..., 4096) = 442
close(3)                                = 0
openat(AT_FDCWD, "/etc/sudo.conf", O_RDONLY|O_NONBLOCK) = 3
fcntl(3, F_GETFL)                       = 0x8800 (flags O_RDONLY|O_NONBLOCK|O_LARGEFILE)
fcntl(3, F_SETFL, O_RDONLY|O_LARGEFILE) = 0
fstat(3, {st_mode=S_IFREG|0644, st_size=4343, ...}) = 0
fcntl(3, F_GETFL)                       = 0x8000 (flags O_RDONLY|O_LARGEFILE)
fstat(3, {st_mode=S_IFREG|0644, st_size=4343, ...}) = 0
read(3, "#\n# Default /etc/sudo.conf file\n"..., 4096) = 4096
read(3, "bsystems.\n# Priority may be crit"..., 4096) = 247
read(3, "", 4096)                       = 0
close(3)                                = 0
geteuid()                               = 1000
prctl(PR_GET_NO_NEW_PRIVS, 0, 0, 0, 0)  = 0
access("/usr/local/sbin/sudo", X_OK)    = -1 ENOENT (Arquivo ou diretório inexistente)
access("/usr/local/bin/sudo", X_OK)     = -1 ENOENT (Arquivo ou diretório inexistente)
access("/usr/sbin/sudo", X_OK)          = -1 ENOENT (Arquivo ou diretório inexistente)
access("/usr/bin/sudo", X_OK)           = 0
newfstatat(AT_FDCWD, "/usr/bin/sudo", {st_mode=S_IFREG|S_ISUID|0755, st_size=277936, ...}, 0) = 0
openat(AT_FDCWD, "/usr/share/locale/locale.alias", O_RDONLY|O_CLOEXEC) = 3
fstat(3, {st_mode=S_IFREG|0644, st_size=2996, ...}) = 0
read(3, "# Locale name alias data base.\n#"..., 4096) = 2996
read(3, "", 4096)                       = 0
close(3)                                = 0
openat(AT_FDCWD, "/usr/share/locale/pt_BR.UTF-8/LC_MESSAGES/sudo.mo", O_RDONLY) = -1 ENOENT (Arquivo ou diretório inexistente)
openat(AT_FDCWD, "/usr/share/locale/pt_BR.utf8/LC_MESSAGES/sudo.mo", O_RDONLY) = -1 ENOENT (Arquivo ou diretório inexistente)
openat(AT_FDCWD, "/usr/share/locale/pt_BR/LC_MESSAGES/sudo.mo", O_RDONLY) = -1 ENOENT (Arquivo ou diretório inexistente)
openat(AT_FDCWD, "/usr/share/locale/pt.UTF-8/LC_MESSAGES/sudo.mo", O_RDONLY) = -1 ENOENT (Arquivo ou diretório inexistente)
openat(AT_FDCWD, "/usr/share/locale/pt.utf8/LC_MESSAGES/sudo.mo", O_RDONLY) = -1 ENOENT (Arquivo ou diretório inexistente)
openat(AT_FDCWD, "/usr/share/locale/pt/LC_MESSAGES/sudo.mo", O_RDONLY) = -1 ENOENT (Arquivo ou diretório inexistente)
openat(AT_FDCWD, "/usr/share/locale-langpack/pt_BR.UTF-8/LC_MESSAGES/sudo.mo", O_RDONLY) = -1 ENOENT (Arquivo ou diretório inexistente)
openat(AT_FDCWD, "/usr/share/locale-langpack/pt_BR.utf8/LC_MESSAGES/sudo.mo", O_RDONLY) = -1 ENOENT (Arquivo ou diretório inexistente)
openat(AT_FDCWD, "/usr/share/locale-langpack/pt_BR/LC_MESSAGES/sudo.mo", O_RDONLY) = 3
fstat(3, {st_mode=S_IFREG|0644, st_size=14092, ...}) = 0
mmap(NULL, 14092, PROT_READ, MAP_PRIVATE, 3, 0) = 0x7fa716fa0000
close(3)                                = 0
openat(AT_FDCWD, "/usr/lib/x86_64-linux-gnu/gconv/gconv-modules.cache", O_RDONLY|O_CLOEXEC) = 3
fstat(3, {st_mode=S_IFREG|0644, st_size=27028, ...}) = 0
mmap(NULL, 27028, PROT_READ, MAP_SHARED, 3, 0) = 0x7fa716f99000
close(3)                                = 0
futex(0x7fa716e0472c, FUTEX_WAKE_PRIVATE, 2147483647) = 0
write(2, "sudo", 4)                     = 4
write(2, ": ", 2)                       = 2
write(2, "uid efetivo n\303\243o \303\251 0, \303\251 /usr/b"..., 128) = 128
write(2, "m privil\303\251gios de root?", 23) = 23
fstat(2, {st_mode=S_IFCHR|0620, st_rdev=makedev(0x88, 0), ...}) = 0
ioctl(2, TCGETS, {c_iflag=ICRNL|IXON|IUTF8, c_oflag=NL0|CR0|TAB0|BS0|VT0|FF0|OPOST|ONLCR, c_cflag=B38400|CS8|CREAD, c_lflag=ISIG|ICANON|ECHO|ECHOE|ECHOK|IEXTEN|ECHOCTL|ECHOKE, ...}) = 0
fcntl(2, F_SETLKW, {l_type=F_WRLCK, l_whence=SEEK_CUR, l_start=0, l_len=0}) = 0
ioctl(2, TCGETS, {c_iflag=ICRNL|IXON|IUTF8, c_oflag=NL0|CR0|TAB0|BS0|VT0|FF0|OPOST|ONLCR, c_cflag=B38400|CS8|CREAD, c_lflag=ISIG|ICANON|ECHO|ECHOE|ECHOK|IEXTEN|ECHOCTL|ECHOKE, ...}) = 0
lseek(2, 0, SEEK_CUR)                   = -1 ESPIPE (Procura ilegal)
fcntl(2, F_SETLK, {l_type=F_UNLCK, l_whence=SEEK_CUR, l_start=0, l_len=0}) = 0
write(2, "\n", 1)                       = 1
exit_group(1)                           = ?
+++ exited with 1 +++
